mode: set
github.com/oldmonad/ec2Drift/pkg/ports/rest/server.go:35.53,37.2 1 1
github.com/oldmonad/ec2Drift/pkg/ports/rest/server.go:39.66,41.2 1 1
github.com/oldmonad/ec2Drift/pkg/ports/rest/server.go:43.72,50.2 1 1
github.com/oldmonad/ec2Drift/pkg/ports/rest/server.go:52.64,54.72 2 1
github.com/oldmonad/ec2Drift/pkg/ports/rest/server.go:54.72,56.3 1 1
github.com/oldmonad/ec2Drift/pkg/ports/rest/server.go:58.2,66.12 6 1
github.com/oldmonad/ec2Drift/pkg/ports/rest/server.go:66.12,67.80 1 1
github.com/oldmonad/ec2Drift/pkg/ports/rest/server.go:67.80,69.4 1 1
github.com/oldmonad/ec2Drift/pkg/ports/rest/server.go:72.2,72.9 1 1
github.com/oldmonad/ec2Drift/pkg/ports/rest/server.go:73.24,74.13 1 1
github.com/oldmonad/ec2Drift/pkg/ports/rest/server.go:75.20,80.54 4 1
github.com/oldmonad/ec2Drift/pkg/ports/rest/server.go:80.54,83.4 2 1
github.com/oldmonad/ec2Drift/pkg/ports/rest/server.go:85.3,86.13 2 1
github.com/oldmonad/ec2Drift/pkg/ports/rest/server.go:89.90,90.33 1 1
github.com/oldmonad/ec2Drift/pkg/ports/rest/server.go:90.33,93.3 2 1
github.com/oldmonad/ec2Drift/pkg/ports/rest/server.go:94.2,98.61 2 1
github.com/oldmonad/ec2Drift/pkg/ports/rest/server.go:98.61,101.3 2 1
github.com/oldmonad/ec2Drift/pkg/ports/rest/server.go:102.2,102.22 1 1
github.com/oldmonad/ec2Drift/pkg/ports/rest/server.go:102.22,104.3 1 1
github.com/oldmonad/ec2Drift/pkg/ports/rest/server.go:105.2,106.26 2 1
github.com/oldmonad/ec2Drift/pkg/ports/rest/server.go:106.26,108.3 1 1
github.com/oldmonad/ec2Drift/pkg/ports/rest/server.go:108.8,108.58 1 1
github.com/oldmonad/ec2Drift/pkg/ports/rest/server.go:108.58,110.3 1 0
github.com/oldmonad/ec2Drift/pkg/ports/rest/server.go:111.2,112.16 2 1
github.com/oldmonad/ec2Drift/pkg/ports/rest/server.go:112.16,113.10 1 1
github.com/oldmonad/ec2Drift/pkg/ports/rest/server.go:114.56,118.6 1 1
github.com/oldmonad/ec2Drift/pkg/ports/rest/server.go:119.53,120.52 1 0
github.com/oldmonad/ec2Drift/pkg/ports/rest/server.go:121.11,122.95 1 1
github.com/oldmonad/ec2Drift/pkg/ports/rest/server.go:124.3,124.9 1 1
github.com/oldmonad/ec2Drift/pkg/ports/rest/server.go:126.2,129.4 1 1
github.com/oldmonad/ec2Drift/pkg/ports/rest/server.go:132.71,136.2 1 1
github.com/oldmonad/ec2Drift/pkg/ports/rest/server.go:139.76,142.56 3 1
github.com/oldmonad/ec2Drift/pkg/ports/rest/server.go:142.56,144.3 1 0
